<?xml version="1.0" encoding="UTF-8"?>
<testng-results skipped="0" failed="0" total="1" passed="1">
  <reporter-output>
  </reporter-output>
  <suite name="suite1" duration-ms="29755" started-at="2017-05-25T19:00:50Z" finished-at="2017-05-25T19:01:20Z">
    <groups>
    </groups>
    <test name="Default test" duration-ms="29755" started-at="2017-05-25T19:00:50Z" finished-at="2017-05-25T19:01:20Z">
      <class name="automationFramework.HomePageTest">
        <test-method status="PASS" signature="setUp()[pri:0, instance:automationFramework.HomePageTest@23d2a7e8]" name="setUp" is-config="true" duration-ms="8015" started-at="2017-05-25T15:00:50Z" finished-at="2017-05-25T15:00:58Z">
          <reporter-output>
          </reporter-output>
        </test-method> <!-- setUp -->
        <test-method status="PASS" signature="testLaunchHomepage()[pri:0, instance:automationFramework.HomePageTest@23d2a7e8]" name="testLaunchHomepage" duration-ms="19518" started-at="2017-05-25T15:00:58Z" finished-at="2017-05-25T15:01:18Z">
          <reporter-output>
          </reporter-output>
        </test-method> <!-- testLaunchHomepage -->
        <test-method status="PASS" signature="tearDown()[pri:0, instance:automationFramework.HomePageTest@23d2a7e8]" name="tearDown" is-config="true" duration-ms="2208" started-at="2017-05-25T15:01:18Z" finished-at="2017-05-25T15:01:20Z">
          <reporter-output>
          </reporter-output>
        </test-method> <!-- tearDown -->
      </class> <!-- automationFramework.HomePageTest -->
    </test> <!-- Default test -->
  </suite> <!-- suite1 -->
</testng-results>
